<?xml version="1.0" encoding="UTF-8"?>
<testng-results skipped="0" failed="0" ignored="0" total="1" passed="1">
  <reporter-output>
  </reporter-output>
  <suite name="Default suite" duration-ms="14703" started-at="2022-06-20T13:41:41 CDT" finished-at="2022-06-20T13:41:56 CDT">
    <groups>
    </groups>
    <test name="Default test" duration-ms="14703" started-at="2022-06-20T13:41:41 CDT" finished-at="2022-06-20T13:41:56 CDT">
      <class name="test.AddContactTest">
        <test-method status="PASS" signature="userShouldBeAbleToAddCustomer()[pri:0, instance:test.AddContactTest@429bffaa]" name="userShouldBeAbleToAddCustomer" duration-ms="14682" started-at="2022-06-20T13:41:41 CDT" finished-at="2022-06-20T13:41:56 CDT">
          <reporter-output>
          </reporter-output>
        </test-method> <!-- userShouldBeAbleToAddCustomer -->
      </class> <!-- test.AddContactTest -->
    </test> <!-- Default test -->
  </suite> <!-- Default suite -->
</testng-results>
